<?xml version="1.0" encoding="UTF-8"?>
<!-- Generated by org.testng.reporters.JUnitXMLReporter -->
<testsuite ignored="0" hostname="DESKTOP-64CG2QQ" failures="1" tests="1" name="BankingApp Test" time="8.446" errors="0" timestamp="2023-08-24T15:39:37 CDT">
  <testcase classname="com.inetbanking.testCases.FormyMultipleMethods" name="FillingForm" time="6.819">
    <failure type="java.lang.NullPointerException" message="Cannot invoke &amp;quot;String.equals(Object)&amp;quot; because &amp;quot;radiobtn&amp;quot; is null">
      <![CDATA[java.lang.NullPointerException: Cannot invoke "String.equals(Object)" because "radiobtn" is null
at com.inetbanking.testCases.BaseClass.selectCheckBox(BaseClass.java:244)
at com.inetbanking.testCases.FormyMultipleMethods.FillingForm(FormyMultipleMethods.java:32)
at java.base/java.util.ArrayList.forEach(ArrayList.java:1511)
... Removed 25 stack frames]]>
    </failure>
  </testcase> <!-- FillingForm -->
</testsuite> <!-- BankingApp Test -->
