<?xml version="1.0" encoding="UTF-8"?>
<testng-results ignored="0" total="1" passed="1" failed="0" skipped="0">
  <reporter-output>
  </reporter-output>
  <suite started-at="2023-07-29T01:09:49 CDT" name="InetBankingV1" finished-at="2023-07-29T01:10:00 CDT" duration-ms="10620">
    <groups>
    </groups>
    <test started-at="2023-07-29T01:09:49 CDT" name="BankingApp Test" finished-at="2023-07-29T01:10:00 CDT" duration-ms="10620">
      <class name="com.inetbanking.testCases.TC_LoginTest_001">
        <test-method is-config="true" signature="setup(java.lang.String)[pri:0, instance:com.inetbanking.testCases.TC_LoginTest_001@56a6d5a6]" started-at="2023-07-29T01:09:49 CDT" name="setup" finished-at="2023-07-29T01:09:54 CDT" duration-ms="5178" status="PASS">
          <params>
            <param index="0">
              <value>
                <![CDATA[chrome]]>
              </value>
            </param>
          </params>
          <reporter-output>
          </reporter-output>
        </test-method> <!-- setup -->
        <test-method signature="LoginTest()[pri:0, instance:com.inetbanking.testCases.TC_LoginTest_001@56a6d5a6]" started-at="2023-07-29T01:09:54 CDT" name="LoginTest" finished-at="2023-07-29T01:09:59 CDT" duration-ms="5093" status="PASS">
          <reporter-output>
          </reporter-output>
        </test-method> <!-- LoginTest -->
        <test-method is-config="true" signature="tearDown()[pri:0, instance:com.inetbanking.testCases.TC_LoginTest_001@56a6d5a6]" started-at="2023-07-29T01:09:59 CDT" name="tearDown" finished-at="2023-07-29T01:10:00 CDT" duration-ms="311" status="PASS">
          <reporter-output>
          </reporter-output>
        </test-method> <!-- tearDown -->
      </class> <!-- com.inetbanking.testCases.TC_LoginTest_001 -->
    </test> <!-- BankingApp Test -->
  </suite> <!-- InetBankingV1 -->
</testng-results>
