<?xml version="1.0" encoding="UTF-8"?>
<testng-results ignored="0" total="1" passed="1" failed="0" skipped="0">
  <reporter-output>
  </reporter-output>
  <suite started-at="2023-07-27T22:11:09 CDT" name="InetBankingV1" finished-at="2023-07-27T22:11:20 CDT" duration-ms="10536">
    <groups>
    </groups>
    <test started-at="2023-07-27T22:11:09 CDT" name="BankingApp Test" finished-at="2023-07-27T22:11:20 CDT" duration-ms="10536">
      <class name="com.inetbanking.testCases.TC_LoginTest_001">
        <test-method is-config="true" signature="setup(java.lang.String)[pri:0, instance:com.inetbanking.testCases.TC_LoginTest_001@3eb25e1a]" started-at="2023-07-27T22:11:09 CDT" name="setup" finished-at="2023-07-27T22:11:14 CDT" duration-ms="5298" status="PASS">
          <params>
            <param index="0">
              <value>
                <![CDATA[chrome]]>
              </value>
            </param>
          </params>
          <reporter-output>
          </reporter-output>
        </test-method> <!-- setup -->
        <test-method signature="LoginTest()[pri:0, instance:com.inetbanking.testCases.TC_LoginTest_001@3eb25e1a]" started-at="2023-07-27T22:11:14 CDT" name="LoginTest" finished-at="2023-07-27T22:11:19 CDT" duration-ms="4874" status="PASS">
          <reporter-output>
          </reporter-output>
        </test-method> <!-- LoginTest -->
        <test-method is-config="true" signature="tearDown()[pri:0, instance:com.inetbanking.testCases.TC_LoginTest_001@3eb25e1a]" started-at="2023-07-27T22:11:19 CDT" name="tearDown" finished-at="2023-07-27T22:11:20 CDT" duration-ms="334" status="PASS">
          <reporter-output>
          </reporter-output>
        </test-method> <!-- tearDown -->
      </class> <!-- com.inetbanking.testCases.TC_LoginTest_001 -->
    </test> <!-- BankingApp Test -->
  </suite> <!-- InetBankingV1 -->
</testng-results>
